
--- RECOGNITION ATTEMPT: 2026-02-14 01:13:26.731677 ---
Detected 0 face(s)

--- RECOGNITION ATTEMPT: 2026-02-14 01:13:29.155896 ---
Detected 0 face(s)

--- RECOGNITION ATTEMPT: 2026-02-14 01:13:30.255170 ---
Detected 0 face(s)

--- RECOGNITION ATTEMPT: 2026-02-14 01:17:03.099437 ---
Image decoded. Size: (480, 640, 3)
Stage 1 (1.1, 5) found 0 faces. Trying Stage 2...
Final detected face count: 1
Face 0: ID 1, Confidence (Dist)=70.37
Calculated Score: 76% (Required > 55%)
MATCH CONFIRMED: Mohammed Talha Hafeez
SUCCESS: Successfully recognized 1 students

--- RECOGNITION ATTEMPT: 2026-02-14 01:17:08.133875 ---
Image decoded. Size: (480, 640, 3)
Stage 1 (1.1, 5) found 0 faces. Trying Stage 2...
Final detected face count: 1
Face 0: ID 1, Confidence (Dist)=68.89
Calculated Score: 77% (Required > 55%)
MATCH CONFIRMED: Mohammed Talha Hafeez
SUCCESS: Successfully recognized 1 students

--- RECOGNITION ATTEMPT: 2026-02-14 01:17:10.714698 ---
Image decoded. Size: (480, 640, 3)
Final detected face count: 1
Face 0: ID 1, Confidence (Dist)=97.61
Calculated Score: 67% (Required > 55%)
MATCH CONFIRMED: Mohammed Talha Hafeez
SUCCESS: Successfully recognized 1 students

--- RECOGNITION ATTEMPT: 2026-02-14 01:17:12.558026 ---
Image decoded. Size: (480, 640, 3)
Stage 1 (1.1, 5) found 0 faces. Trying Stage 2...
Stage 2 (1.05, 3) found 0 faces. Trying Stage 3 (extreme lenient)...
Final detected face count: 1
Face 0: ID 1, Confidence (Dist)=173.51
Calculated Score: 42% (Required > 55%)
FAILURE: Face detected but confidence too low for all matches

--- RECOGNITION ATTEMPT: 2026-02-14 01:17:13.946588 ---
Image decoded. Size: (480, 640, 3)
Stage 1 (1.1, 5) found 0 faces. Trying Stage 2...
Final detected face count: 1
Face 0: ID 1, Confidence (Dist)=76.53
Calculated Score: 74% (Required > 55%)
MATCH CONFIRMED: Mohammed Talha Hafeez
SUCCESS: Successfully recognized 1 students

--- RECOGNITION ATTEMPT: 2026-02-14 01:17:15.123264 ---
Image decoded. Size: (480, 640, 3)
Stage 1 (1.1, 5) found 0 faces. Trying Stage 2...
Stage 2 (1.05, 3) found 0 faces. Trying Stage 3 (extreme lenient)...
Final detected face count: 1
Face 0: ID 1, Confidence (Dist)=74.31
Calculated Score: 75% (Required > 55%)
MATCH CONFIRMED: Mohammed Talha Hafeez
SUCCESS: Successfully recognized 1 students

--- RECOGNITION ATTEMPT: 2026-02-15 19:11:26.688170 ---
Image decoded. Size: (480, 640, 3)
Final detected face count: 1
Face 0: ID 1, Confidence (Dist)=71.30
Calculated Score: 76% (Required > 55%)
MATCH CONFIRMED: Mohammed Talha Hafeez
Attendance recorded in DB
SUCCESS: Successfully recognized 1 students

--- RECOGNITION ATTEMPT: 2026-02-15 19:11:34.782868 ---
Image decoded. Size: (480, 640, 3)
Final detected face count: 1
Face 0: ID 1, Confidence (Dist)=69.63
Calculated Score: 76% (Required > 55%)
MATCH CONFIRMED: Mohammed Talha Hafeez
SUCCESS: Successfully recognized 1 students

--- RECOGNITION ATTEMPT: 2026-02-15 19:11:36.951471 ---
Image decoded. Size: (480, 640, 3)
Final detected face count: 1
Face 0: ID 1, Confidence (Dist)=78.51
Calculated Score: 73% (Required > 55%)
MATCH CONFIRMED: Mohammed Talha Hafeez
SUCCESS: Successfully recognized 1 students

--- RECOGNITION ATTEMPT: 2026-02-15 19:11:40.880797 ---
Image decoded. Size: (480, 640, 3)
Final detected face count: 1
Face 0: ID 1, Confidence (Dist)=62.15
Calculated Score: 79% (Required > 55%)
MATCH CONFIRMED: Mohammed Talha Hafeez
SUCCESS: Successfully recognized 1 students

--- RECOGNITION ATTEMPT: 2026-02-15 19:11:41.878819 ---
Image decoded. Size: (480, 640, 3)
Final detected face count: 1
Face 0: ID 1, Confidence (Dist)=62.31
Calculated Score: 79% (Required > 55%)
MATCH CONFIRMED: Mohammed Talha Hafeez
SUCCESS: Successfully recognized 1 students

--- RECOGNITION ATTEMPT: 2026-02-15 19:15:50.391879 ---
Image decoded. Size: (480, 640, 3)
Final detected face count: 1
Face 0: ID 1, Confidence (Dist)=73.21
Calculated Score: 75% (Required > 55%)
MATCH CONFIRMED: Mohammed Talha Hafeez
Attendance recorded in DB
SUCCESS: Successfully recognized 1 students

--- RECOGNITION ATTEMPT: 2026-02-15 19:15:57.241783 ---
Image decoded. Size: (480, 640, 3)
Final detected face count: 1
Face 0: ID 1, Confidence (Dist)=67.81
Calculated Score: 77% (Required > 55%)
MATCH CONFIRMED: Mohammed Talha Hafeez
Attendance already marked for today
SUCCESS: Successfully recognized 1 students

--- RECOGNITION ATTEMPT: 2026-02-15 19:16:03.770032 ---
Image decoded. Size: (480, 640, 3)
Final detected face count: 1
Face 0: ID 1, Confidence (Dist)=60.41
Calculated Score: 79% (Required > 55%)
MATCH CONFIRMED: Mohammed Talha Hafeez
Attendance already marked for today
SUCCESS: Successfully recognized 1 students

--- RECOGNITION ATTEMPT: 2026-02-15 19:23:31.801029 ---
Image decoded. Size: (480, 640, 3)
Final detected face count: 1
Face 0: ID 1, Confidence (Dist)=62.75
Calculated Score: 79% (Required > 55%)
MATCH CONFIRMED: Mohammed Talha Hafeez
Attendance recorded in DB
SUCCESS: Successfully recognized 1 students

--- RECOGNITION ATTEMPT: 2026-02-15 19:23:36.703818 ---
Image decoded. Size: (480, 640, 3)
Final detected face count: 1
Face 0: ID 1, Confidence (Dist)=65.97
Calculated Score: 78% (Required > 55%)
MATCH CONFIRMED: Mohammed Talha Hafeez
Attendance already marked for today
SUCCESS: Successfully recognized 1 students

--- RECOGNITION ATTEMPT: 2026-02-15 19:23:43.892858 ---
Image decoded. Size: (480, 640, 3)
Stage 1 (1.1, 5) found 0 faces. Trying Stage 2...
Final detected face count: 1
Face 0: ID 1, Confidence (Dist)=60.54
Calculated Score: 79% (Required > 55%)
MATCH CONFIRMED: Mohammed Talha Hafeez
Attendance already marked for today
SUCCESS: Successfully recognized 1 students

--- RECOGNITION ATTEMPT: 2026-02-15 19:23:47.840690 ---
Image decoded. Size: (480, 640, 3)
Final detected face count: 1
Face 0: ID 1, Confidence (Dist)=60.86
Calculated Score: 79% (Required > 55%)
MATCH CONFIRMED: Mohammed Talha Hafeez
Attendance already marked for today
SUCCESS: Successfully recognized 1 students

--- RECOGNITION ATTEMPT: 2026-02-15 19:23:48.100367 ---
Image decoded. Size: (480, 640, 3)
Final detected face count: 1
Face 0: ID 1, Confidence (Dist)=61.36
Calculated Score: 79% (Required > 55%)
MATCH CONFIRMED: Mohammed Talha Hafeez
Attendance already marked for today
SUCCESS: Successfully recognized 1 students

--- RECOGNITION ATTEMPT: 2026-02-15 19:23:48.078664 ---
Image decoded. Size: (480, 640, 3)
Stage 1 (1.1, 5) found 0 faces. Trying Stage 2...
Final detected face count: 1
Face 0: ID 1, Confidence (Dist)=56.23
Calculated Score: 81% (Required > 55%)
MATCH CONFIRMED: Mohammed Talha Hafeez
Attendance already marked for today
SUCCESS: Successfully recognized 1 students

--- RECOGNITION ATTEMPT: 2026-02-15 19:23:48.375663 ---
Image decoded. Size: (480, 640, 3)
Stage 1 (1.1, 5) found 0 faces. Trying Stage 2...
Final detected face count: 1
Face 0: ID 1, Confidence (Dist)=59.61
Calculated Score: 80% (Required > 55%)
MATCH CONFIRMED: Mohammed Talha Hafeez
Attendance already marked for today
SUCCESS: Successfully recognized 1 students

--- RECOGNITION ATTEMPT: 2026-02-15 19:23:48.569171 ---
Image decoded. Size: (480, 640, 3)
Stage 1 (1.1, 5) found 0 faces. Trying Stage 2...
Final detected face count: 1
Face 0: ID 1, Confidence (Dist)=62.11
Calculated Score: 79% (Required > 55%)
MATCH CONFIRMED: Mohammed Talha Hafeez
Attendance already marked for today
SUCCESS: Successfully recognized 1 students

--- RECOGNITION ATTEMPT: 2026-02-15 19:24:04.383460 ---
Image decoded. Size: (480, 640, 3)
Final detected face count: 1
Face 0: ID 1, Confidence (Dist)=59.35
Calculated Score: 80% (Required > 55%)
MATCH CONFIRMED: Mohammed Talha Hafeez
Attendance already marked for today
SUCCESS: Successfully recognized 1 students

--- RECOGNITION ATTEMPT: 2026-02-15 19:24:05.573746 ---
Image decoded. Size: (480, 640, 3)
Final detected face count: 1
Face 0: ID 1, Confidence (Dist)=55.61
Calculated Score: 81% (Required > 55%)
MATCH CONFIRMED: Mohammed Talha Hafeez
Attendance already marked for today
SUCCESS: Successfully recognized 1 students

--- RECOGNITION ATTEMPT: 2026-02-15 19:24:06.248316 ---
Image decoded. Size: (480, 640, 3)
Final detected face count: 1
Face 0: ID 1, Confidence (Dist)=53.41
Calculated Score: 82% (Required > 55%)
MATCH CONFIRMED: Mohammed Talha Hafeez
Attendance already marked for today
SUCCESS: Successfully recognized 1 students

--- RECOGNITION ATTEMPT: 2026-02-15 19:24:06.488569 ---
Image decoded. Size: (480, 640, 3)
Final detected face count: 1
Face 0: ID 1, Confidence (Dist)=54.05
Calculated Score: 81% (Required > 55%)
MATCH CONFIRMED: Mohammed Talha Hafeez
Attendance already marked for today
SUCCESS: Successfully recognized 1 students

--- RECOGNITION ATTEMPT: 2026-02-15 19:24:06.659394 ---
Image decoded. Size: (480, 640, 3)
Final detected face count: 1
Face 0: ID 1, Confidence (Dist)=52.59
Calculated Score: 82% (Required > 55%)
MATCH CONFIRMED: Mohammed Talha Hafeez
Attendance already marked for today
SUCCESS: Successfully recognized 1 students

--- RECOGNITION ATTEMPT: 2026-02-15 19:24:06.875972 ---
Image decoded. Size: (480, 640, 3)
Final detected face count: 1
Face 0: ID 1, Confidence (Dist)=58.09
Calculated Score: 80% (Required > 55%)
MATCH CONFIRMED: Mohammed Talha Hafeez
Attendance already marked for today
SUCCESS: Successfully recognized 1 students

--- RECOGNITION ATTEMPT: 2026-02-15 19:24:07.730645 ---
Image decoded. Size: (480, 640, 3)
Final detected face count: 1
Face 0: ID 1, Confidence (Dist)=52.69
Calculated Score: 82% (Required > 55%)
MATCH CONFIRMED: Mohammed Talha Hafeez
Attendance already marked for today
SUCCESS: Successfully recognized 1 students

--- RECOGNITION ATTEMPT: 2026-02-15 19:24:07.885752 ---
Image decoded. Size: (480, 640, 3)
Final detected face count: 1
Face 0: ID 1, Confidence (Dist)=57.48
Calculated Score: 80% (Required > 55%)
MATCH CONFIRMED: Mohammed Talha Hafeez
Attendance already marked for today
SUCCESS: Successfully recognized 1 students

--- RECOGNITION ATTEMPT: 2026-02-15 19:24:07.984255 ---
Image decoded. Size: (480, 640, 3)
Final detected face count: 1
Face 0: ID 1, Confidence (Dist)=54.43
Calculated Score: 81% (Required > 55%)
MATCH CONFIRMED: Mohammed Talha Hafeez
Attendance already marked for today
SUCCESS: Successfully recognized 1 students

--- RECOGNITION ATTEMPT: 2026-02-15 19:24:08.063048 ---
Image decoded. Size: (480, 640, 3)
Final detected face count: 1
Face 0: ID 1, Confidence (Dist)=57.44
Calculated Score: 80% (Required > 55%)
MATCH CONFIRMED: Mohammed Talha Hafeez
Attendance already marked for today
SUCCESS: Successfully recognized 1 students

--- RECOGNITION ATTEMPT: 2026-02-15 19:24:38.875178 ---
Image decoded. Size: (480, 640, 3)
Final detected face count: 1
Face 0: ID 1, Confidence (Dist)=71.02
Calculated Score: 76% (Required > 55%)
MATCH CONFIRMED: Mohammed Talha Hafeez
Attendance already marked for today
SUCCESS: Successfully recognized 1 students

--- RECOGNITION ATTEMPT: 2026-02-15 19:24:39.411519 ---
Image decoded. Size: (480, 640, 3)
Final detected face count: 1
Face 0: ID 1, Confidence (Dist)=67.64
Calculated Score: 77% (Required > 55%)
MATCH CONFIRMED: Mohammed Talha Hafeez
Attendance already marked for today
SUCCESS: Successfully recognized 1 students

--- RECOGNITION ATTEMPT: 2026-02-15 19:24:39.946761 ---
Image decoded. Size: (480, 640, 3)
Final detected face count: 1
Face 0: ID 1, Confidence (Dist)=68.42
Calculated Score: 77% (Required > 55%)
MATCH CONFIRMED: Mohammed Talha Hafeez
Attendance already marked for today
SUCCESS: Successfully recognized 1 students

--- RECOGNITION ATTEMPT: 2026-02-15 19:24:40.223471 ---
Image decoded. Size: (480, 640, 3)
Final detected face count: 1
Face 0: ID 1, Confidence (Dist)=64.53
Calculated Score: 78% (Required > 55%)
MATCH CONFIRMED: Mohammed Talha Hafeez
Attendance already marked for today
SUCCESS: Successfully recognized 1 students

--- RECOGNITION ATTEMPT: 2026-02-15 19:24:40.373419 ---
Image decoded. Size: (480, 640, 3)
Final detected face count: 1
Face 0: ID 1, Confidence (Dist)=68.15
Calculated Score: 77% (Required > 55%)
MATCH CONFIRMED: Mohammed Talha Hafeez
Attendance already marked for today
SUCCESS: Successfully recognized 1 students

--- RECOGNITION ATTEMPT: 2026-02-15 19:24:40.607991 ---
Image decoded. Size: (480, 640, 3)
Final detected face count: 1
Face 0: ID 1, Confidence (Dist)=68.61
Calculated Score: 77% (Required > 55%)
MATCH CONFIRMED: Mohammed Talha Hafeez
Attendance already marked for today
SUCCESS: Successfully recognized 1 students

--- RECOGNITION ATTEMPT: 2026-02-15 19:24:40.915288 ---
Image decoded. Size: (480, 640, 3)
Final detected face count: 1
Face 0: ID 1, Confidence (Dist)=67.67
Calculated Score: 77% (Required > 55%)
MATCH CONFIRMED: Mohammed Talha Hafeez
Attendance already marked for today
SUCCESS: Successfully recognized 1 students

--- RECOGNITION ATTEMPT: 2026-02-15 19:24:41.115857 ---
Image decoded. Size: (480, 640, 3)
Final detected face count: 1
Face 0: ID 1, Confidence (Dist)=69.19
Calculated Score: 76% (Required > 55%)
MATCH CONFIRMED: Mohammed Talha Hafeez
Attendance already marked for today
SUCCESS: Successfully recognized 1 students

--- RECOGNITION ATTEMPT: 2026-02-15 19:24:41.309839 ---
Image decoded. Size: (480, 640, 3)
Final detected face count: 1
Face 0: ID 1, Confidence (Dist)=66.61
Calculated Score: 77% (Required > 55%)
MATCH CONFIRMED: Mohammed Talha Hafeez
Attendance already marked for today
SUCCESS: Successfully recognized 1 students

--- RECOGNITION ATTEMPT: 2026-02-15 19:24:41.480877 ---
Image decoded. Size: (480, 640, 3)
Final detected face count: 1
Face 0: ID 1, Confidence (Dist)=73.57
Calculated Score: 75% (Required > 55%)
MATCH CONFIRMED: Mohammed Talha Hafeez
Attendance already marked for today
SUCCESS: Successfully recognized 1 students

--- RECOGNITION ATTEMPT: 2026-02-15 19:24:41.625689 ---
Image decoded. Size: (480, 640, 3)
Final detected face count: 1
Face 0: ID 1, Confidence (Dist)=64.15
Calculated Score: 78% (Required > 55%)
MATCH CONFIRMED: Mohammed Talha Hafeez
Attendance already marked for today
SUCCESS: Successfully recognized 1 students

--- RECOGNITION ATTEMPT: 2026-02-15 19:24:41.870945 ---
Image decoded. Size: (480, 640, 3)
Final detected face count: 1
Face 0: ID 1, Confidence (Dist)=65.60
Calculated Score: 78% (Required > 55%)
MATCH CONFIRMED: Mohammed Talha Hafeez
Attendance already marked for today
SUCCESS: Successfully recognized 1 students

--- RECOGNITION ATTEMPT: 2026-02-15 19:24:42.018974 ---
Image decoded. Size: (480, 640, 3)
Final detected face count: 1
Face 0: ID 1, Confidence (Dist)=61.94
Calculated Score: 79% (Required > 55%)
MATCH CONFIRMED: Mohammed Talha Hafeez
Attendance already marked for today
SUCCESS: Successfully recognized 1 students

--- RECOGNITION ATTEMPT: 2026-02-15 19:24:42.244820 ---
Image decoded. Size: (480, 640, 3)
Final detected face count: 1
Face 0: ID 1, Confidence (Dist)=68.04
Calculated Score: 77% (Required > 55%)
MATCH CONFIRMED: Mohammed Talha Hafeez
Attendance already marked for today
SUCCESS: Successfully recognized 1 students

--- RECOGNITION ATTEMPT: 2026-02-15 19:24:42.370029 ---
Image decoded. Size: (480, 640, 3)
Final detected face count: 1
Face 0: ID 1, Confidence (Dist)=64.24
Calculated Score: 78% (Required > 55%)
MATCH CONFIRMED: Mohammed Talha Hafeez
Attendance already marked for today
SUCCESS: Successfully recognized 1 students

--- RECOGNITION ATTEMPT: 2026-02-15 19:24:42.560014 ---
Image decoded. Size: (480, 640, 3)
Final detected face count: 1
Face 0: ID 1, Confidence (Dist)=68.85
Calculated Score: 77% (Required > 55%)
MATCH CONFIRMED: Mohammed Talha Hafeez
Attendance already marked for today
SUCCESS: Successfully recognized 1 students

--- RECOGNITION ATTEMPT: 2026-02-15 19:24:42.705422 ---
Image decoded. Size: (480, 640, 3)
Final detected face count: 1
Face 0: ID 1, Confidence (Dist)=68.26
Calculated Score: 77% (Required > 55%)
MATCH CONFIRMED: Mohammed Talha Hafeez
Attendance already marked for today
SUCCESS: Successfully recognized 1 students

--- RECOGNITION ATTEMPT: 2026-02-15 19:24:42.907285 ---
Image decoded. Size: (480, 640, 3)
Final detected face count: 1
Face 0: ID 1, Confidence (Dist)=65.06
Calculated Score: 78% (Required > 55%)
MATCH CONFIRMED: Mohammed Talha Hafeez
Attendance already marked for today
SUCCESS: Successfully recognized 1 students

--- RECOGNITION ATTEMPT: 2026-02-15 19:26:00.189791 ---
Image decoded. Size: (480, 640, 3)
Final detected face count: 1
Face 0: ID 1, Confidence (Dist)=66.13
Calculated Score: 77% (Required > 55%)
MATCH CONFIRMED: Mohammed Talha Hafeez
Attendance recorded in DB
SUCCESS: Successfully recognized 1 students

--- RECOGNITION ATTEMPT: 2026-02-15 19:26:02.667489 ---
Image decoded. Size: (480, 640, 3)
Final detected face count: 1
Face 0: ID 1, Confidence (Dist)=68.48
Calculated Score: 77% (Required > 55%)
MATCH CONFIRMED: Mohammed Talha Hafeez
Attendance already marked for today
SUCCESS: Successfully recognized 1 students

--- RECOGNITION ATTEMPT: 2026-02-15 19:28:00.318057 ---
Image decoded. Size: (480, 640, 3)
Final detected face count: 1
Face 0: ID 1, Confidence (Dist)=59.95
Calculated Score: 80% (Required > 55%)
MATCH CONFIRMED: Mohammed Talha Hafeez
Attendance already marked for today
SUCCESS: Successfully recognized 1 students

--- RECOGNITION ATTEMPT: 2026-02-15 19:30:44.503037 ---
Image decoded. Size: (480, 640, 3)
Final detected face count: 1
Face 0: ID 3, Confidence (Dist)=64.72
Calculated Score: 78% (Required > 55%)
MATCH CONFIRMED: Huzaifa Hafeez
Attendance recorded in DB
SUCCESS: Successfully recognized 1 students

--- RECOGNITION ATTEMPT: 2026-02-15 19:30:46.167216 ---
Image decoded. Size: (480, 640, 3)
Final detected face count: 1
Face 0: ID 3, Confidence (Dist)=71.39
Calculated Score: 76% (Required > 55%)
MATCH CONFIRMED: Huzaifa Hafeez
Attendance already marked for today
SUCCESS: Successfully recognized 1 students

--- RECOGNITION ATTEMPT: 2026-02-15 19:30:49.106949 ---
Image decoded. Size: (480, 640, 3)
Final detected face count: 1
Face 0: ID 3, Confidence (Dist)=67.42
Calculated Score: 77% (Required > 55%)
MATCH CONFIRMED: Huzaifa Hafeez
Attendance already marked for today
SUCCESS: Successfully recognized 1 students

--- RECOGNITION ATTEMPT: 2026-02-15 19:30:49.921031 ---
Image decoded. Size: (480, 640, 3)
Final detected face count: 1
Face 0: ID 3, Confidence (Dist)=66.46
Calculated Score: 77% (Required > 55%)
MATCH CONFIRMED: Huzaifa Hafeez
Attendance already marked for today
SUCCESS: Successfully recognized 1 students

--- RECOGNITION ATTEMPT: 2026-02-15 19:31:16.334279 ---
Image decoded. Size: (480, 640, 3)
Final detected face count: 1
Face 0: ID 3, Confidence (Dist)=67.52
Calculated Score: 77% (Required > 55%)
MATCH CONFIRMED: Huzaifa Hafeez
Attendance already marked for today
SUCCESS: Successfully recognized 1 students

--- RECOGNITION ATTEMPT: 2026-02-15 19:31:21.493689 ---
Image decoded. Size: (480, 640, 3)
Final detected face count: 1
Face 0: ID 3, Confidence (Dist)=70.14
Calculated Score: 76% (Required > 55%)
MATCH CONFIRMED: Huzaifa Hafeez
Attendance already marked for today
SUCCESS: Successfully recognized 1 students

--- RECOGNITION ATTEMPT: 2026-02-15 19:31:25.359968 ---
Image decoded. Size: (480, 640, 3)
Final detected face count: 1
Face 0: ID 3, Confidence (Dist)=62.34
Calculated Score: 79% (Required > 55%)
MATCH CONFIRMED: Huzaifa Hafeez
Attendance already marked for today
SUCCESS: Successfully recognized 1 students

--- RECOGNITION ATTEMPT: 2026-02-15 19:31:51.685634 ---
Image decoded. Size: (480, 640, 3)
Final detected face count: 1
Face 0: ID 1, Confidence (Dist)=63.89
Calculated Score: 78% (Required > 55%)
MATCH CONFIRMED: Mohammed Talha Hafeez
Attendance already marked for today
SUCCESS: Successfully recognized 1 students

--- RECOGNITION ATTEMPT: 2026-02-15 19:31:52.430853 ---
Image decoded. Size: (480, 640, 3)
Final detected face count: 1
Face 0: ID 1, Confidence (Dist)=61.32
Calculated Score: 79% (Required > 55%)
MATCH CONFIRMED: Mohammed Talha Hafeez
Attendance already marked for today
SUCCESS: Successfully recognized 1 students

--- RECOGNITION ATTEMPT: 2026-02-15 19:31:52.974723 ---
Image decoded. Size: (480, 640, 3)
Final detected face count: 1
Face 0: ID 1, Confidence (Dist)=65.62
Calculated Score: 78% (Required > 55%)
MATCH CONFIRMED: Mohammed Talha Hafeez
Attendance already marked for today
SUCCESS: Successfully recognized 1 students

--- RECOGNITION ATTEMPT: 2026-02-15 19:31:53.252699 ---
Image decoded. Size: (480, 640, 3)
Final detected face count: 1
Face 0: ID 1, Confidence (Dist)=62.78
Calculated Score: 79% (Required > 55%)
MATCH CONFIRMED: Mohammed Talha Hafeez
Attendance already marked for today
SUCCESS: Successfully recognized 1 students

--- RECOGNITION ATTEMPT: 2026-02-15 19:31:53.473758 ---
Image decoded. Size: (480, 640, 3)
Final detected face count: 1
Face 0: ID 1, Confidence (Dist)=61.99
Calculated Score: 79% (Required > 55%)
MATCH CONFIRMED: Mohammed Talha Hafeez
Attendance already marked for today
SUCCESS: Successfully recognized 1 students

--- RECOGNITION ATTEMPT: 2026-02-15 19:31:53.673973 ---
Image decoded. Size: (480, 640, 3)
Final detected face count: 1
Face 0: ID 1, Confidence (Dist)=63.07
Calculated Score: 78% (Required > 55%)
MATCH CONFIRMED: Mohammed Talha Hafeez
Attendance already marked for today
SUCCESS: Successfully recognized 1 students

--- RECOGNITION ATTEMPT: 2026-02-15 19:31:53.887803 ---
Image decoded. Size: (480, 640, 3)
Final detected face count: 1
Face 0: ID 1, Confidence (Dist)=63.10
Calculated Score: 78% (Required > 55%)
MATCH CONFIRMED: Mohammed Talha Hafeez
Attendance already marked for today
SUCCESS: Successfully recognized 1 students

--- RECOGNITION ATTEMPT: 2026-02-15 19:54:37.160712 ---
Image decoded. Size: (480, 640, 3)
Final detected face count: 1
Face 0: ID 1, Confidence (Dist)=63.62
Calculated Score: 78% (Required > 55%)
MATCH CONFIRMED: Mohammed Talha Hafeez
Attendance recorded in DB
SUCCESS: Successfully recognized 1 students

--- RECOGNITION ATTEMPT: 2026-02-15 19:54:58.798835 ---
Image decoded. Size: (480, 640, 3)
Final detected face count: 1
Face 0: ID 1, Confidence (Dist)=66.40
Calculated Score: 77% (Required > 55%)
MATCH CONFIRMED: Mohammed Talha Hafeez
Attendance recorded in DB
SUCCESS: Successfully recognized 1 students

--- RECOGNITION ATTEMPT: 2026-02-15 19:55:00.446873 ---
Image decoded. Size: (480, 640, 3)
Final detected face count: 1
Face 0: ID 1, Confidence (Dist)=67.79
Calculated Score: 77% (Required > 55%)
MATCH CONFIRMED: Mohammed Talha Hafeez
Attendance already marked for today
SUCCESS: Successfully recognized 1 students

--- RECOGNITION ATTEMPT: 2026-02-15 19:57:41.374005 ---
Image decoded. Size: (480, 640, 3)
Stage 1 (1.1, 5) found 0 faces. Trying Stage 2...
Stage 2 (1.05, 3) found 0 faces. Trying Stage 3 (extreme lenient)...
Final detected face count: 0
FAILURE: Still no faces detected after 3 stages

--- RECOGNITION ATTEMPT: 2026-02-15 19:57:43.750555 ---
Image decoded. Size: (480, 640, 3)
Stage 1 (1.1, 5) found 0 faces. Trying Stage 2...
Stage 2 (1.05, 3) found 0 faces. Trying Stage 3 (extreme lenient)...
Final detected face count: 0
FAILURE: Still no faces detected after 3 stages

--- RECOGNITION ATTEMPT: 2026-02-15 19:57:48.533248 ---
Image decoded. Size: (480, 640, 3)
Final detected face count: 1
Face 0: ID 1, Confidence (Dist)=65.89
Calculated Score: 78% (Required > 55%)
MATCH CONFIRMED: Mohammed Talha Hafeez
Attendance recorded in DB
SUCCESS: Successfully recognized 1 students

--- RECOGNITION ATTEMPT: 2026-02-15 19:57:48.783852 ---
Image decoded. Size: (480, 640, 3)
Final detected face count: 1
Face 0: ID 1, Confidence (Dist)=69.02
Calculated Score: 76% (Required > 55%)
MATCH CONFIRMED: Mohammed Talha Hafeez
Attendance recorded in DB
SUCCESS: Successfully recognized 1 students

--- RECOGNITION ATTEMPT: 2026-02-15 19:57:49.061960 ---
Image decoded. Size: (480, 640, 3)
Final detected face count: 1
Face 0: ID 1, Confidence (Dist)=70.65
Calculated Score: 76% (Required > 55%)
MATCH CONFIRMED: Mohammed Talha Hafeez
Attendance recorded in DB
SUCCESS: Successfully recognized 1 students

--- RECOGNITION ATTEMPT: 2026-02-15 19:58:14.703302 ---
Image decoded. Size: (480, 640, 3)
Final detected face count: 1
Face 0: ID 1, Confidence (Dist)=64.46
Calculated Score: 78% (Required > 55%)
MATCH CONFIRMED: Mohammed Talha Hafeez
Attendance recorded in DB
SUCCESS: Successfully recognized 1 students

--- RECOGNITION ATTEMPT: 2026-02-15 19:58:26.847890 ---
Image decoded. Size: (480, 640, 3)
Final detected face count: 1
Face 0: ID 1, Confidence (Dist)=59.57
Calculated Score: 80% (Required > 55%)
MATCH CONFIRMED: Mohammed Talha Hafeez
Attendance already marked for today
SUCCESS: Successfully recognized 1 students

--- RECOGNITION ATTEMPT: 2026-02-15 19:58:27.085646 ---
Image decoded. Size: (480, 640, 3)
Final detected face count: 1
Face 0: ID 1, Confidence (Dist)=57.19
Calculated Score: 80% (Required > 55%)
MATCH CONFIRMED: Mohammed Talha Hafeez
Attendance already marked for today
SUCCESS: Successfully recognized 1 students

--- RECOGNITION ATTEMPT: 2026-02-15 19:58:27.087561 ---
Image decoded. Size: (480, 640, 3)
Final detected face count: 1
Face 0: ID 1, Confidence (Dist)=70.04
Calculated Score: 76% (Required > 55%)
MATCH CONFIRMED: Mohammed Talha Hafeez
Attendance already marked for today
SUCCESS: Successfully recognized 1 students

--- RECOGNITION ATTEMPT: 2026-02-15 19:58:27.278137 ---
Image decoded. Size: (480, 640, 3)
Final detected face count: 1
Face 0: ID 1, Confidence (Dist)=68.83
Calculated Score: 77% (Required > 55%)
MATCH CONFIRMED: Mohammed Talha Hafeez
Attendance already marked for today
SUCCESS: Successfully recognized 1 students

--- RECOGNITION ATTEMPT: 2026-02-15 19:58:27.486216 ---
Image decoded. Size: (480, 640, 3)
Final detected face count: 1
Face 0: ID 1, Confidence (Dist)=67.92
Calculated Score: 77% (Required > 55%)
MATCH CONFIRMED: Mohammed Talha Hafeez
Attendance already marked for today
SUCCESS: Successfully recognized 1 students

--- RECOGNITION ATTEMPT: 2026-02-15 19:58:27.653602 ---
Image decoded. Size: (480, 640, 3)
Final detected face count: 1
Face 0: ID 1, Confidence (Dist)=59.79
Calculated Score: 80% (Required > 55%)
MATCH CONFIRMED: Mohammed Talha Hafeez
Attendance already marked for today
SUCCESS: Successfully recognized 1 students

--- RECOGNITION ATTEMPT: 2026-02-15 19:59:06.724119 ---
Image decoded. Size: (480, 640, 3)
Final detected face count: 1
Face 0: ID 3, Confidence (Dist)=68.04
Calculated Score: 77% (Required > 55%)
MATCH CONFIRMED: Huzaifa Hafeez
Attendance recorded in DB
SUCCESS: Successfully recognized 1 students

--- RECOGNITION ATTEMPT: 2026-02-15 19:59:09.091916 ---
Image decoded. Size: (480, 640, 3)
Final detected face count: 1
Face 0: ID 3, Confidence (Dist)=62.82
Calculated Score: 79% (Required > 55%)
MATCH CONFIRMED: Huzaifa Hafeez
Attendance already marked for today
SUCCESS: Successfully recognized 1 students

--- RECOGNITION ATTEMPT: 2026-02-15 19:59:09.841248 ---
Image decoded. Size: (480, 640, 3)
Final detected face count: 1
Face 0: ID 3, Confidence (Dist)=62.44
Calculated Score: 79% (Required > 55%)
MATCH CONFIRMED: Huzaifa Hafeez
Attendance already marked for today
SUCCESS: Successfully recognized 1 students

--- RECOGNITION ATTEMPT: 2026-02-15 19:59:10.345789 ---
Image decoded. Size: (480, 640, 3)
Final detected face count: 1
Face 0: ID 3, Confidence (Dist)=65.38
Calculated Score: 78% (Required > 55%)
MATCH CONFIRMED: Huzaifa Hafeez
Attendance already marked for today
SUCCESS: Successfully recognized 1 students

--- RECOGNITION ATTEMPT: 2026-02-15 19:59:10.611764 ---
Image decoded. Size: (480, 640, 3)
Final detected face count: 1
Face 0: ID 3, Confidence (Dist)=68.25
Calculated Score: 77% (Required > 55%)
MATCH CONFIRMED: Huzaifa Hafeez
Attendance already marked for today
SUCCESS: Successfully recognized 1 students

--- RECOGNITION ATTEMPT: 2026-02-15 19:59:10.866525 ---
Image decoded. Size: (480, 640, 3)
Final detected face count: 1
Face 0: ID 3, Confidence (Dist)=66.81
Calculated Score: 77% (Required > 55%)
MATCH CONFIRMED: Huzaifa Hafeez
Attendance already marked for today
SUCCESS: Successfully recognized 1 students

--- RECOGNITION ATTEMPT: 2026-02-15 19:59:11.155277 ---
Image decoded. Size: (480, 640, 3)
Final detected face count: 1
Face 0: ID 3, Confidence (Dist)=68.63
Calculated Score: 77% (Required > 55%)
MATCH CONFIRMED: Huzaifa Hafeez
Attendance already marked for today
SUCCESS: Successfully recognized 1 students

--- RECOGNITION ATTEMPT: 2026-02-15 19:59:11.386430 ---
Image decoded. Size: (480, 640, 3)
Final detected face count: 1
Face 0: ID 3, Confidence (Dist)=65.38
Calculated Score: 78% (Required > 55%)
MATCH CONFIRMED: Huzaifa Hafeez
Attendance already marked for today
SUCCESS: Successfully recognized 1 students

--- RECOGNITION ATTEMPT: 2026-02-15 19:59:11.584615 ---
Image decoded. Size: (480, 640, 3)
Final detected face count: 1
Face 0: ID 3, Confidence (Dist)=64.21
Calculated Score: 78% (Required > 55%)
MATCH CONFIRMED: Huzaifa Hafeez
Attendance already marked for today
SUCCESS: Successfully recognized 1 students

--- RECOGNITION ATTEMPT: 2026-02-15 19:59:12.110735 ---
Image decoded. Size: (480, 640, 3)
Final detected face count: 1
Face 0: ID 3, Confidence (Dist)=65.37
Calculated Score: 78% (Required > 55%)
MATCH CONFIRMED: Huzaifa Hafeez
Attendance already marked for today
SUCCESS: Successfully recognized 1 students

--- RECOGNITION ATTEMPT: 2026-02-15 19:59:13.253403 ---
Image decoded. Size: (480, 640, 3)
Final detected face count: 1
Face 0: ID 3, Confidence (Dist)=67.49
Calculated Score: 77% (Required > 55%)
MATCH CONFIRMED: Huzaifa Hafeez
Attendance already marked for today
SUCCESS: Successfully recognized 1 students

--- RECOGNITION ATTEMPT: 2026-02-15 19:59:13.883370 ---
Image decoded. Size: (480, 640, 3)
Final detected face count: 1
Face 0: ID 3, Confidence (Dist)=69.87
Calculated Score: 76% (Required > 55%)
MATCH CONFIRMED: Huzaifa Hafeez
Attendance already marked for today
SUCCESS: Successfully recognized 1 students

--- RECOGNITION ATTEMPT: 2026-02-15 19:59:43.682561 ---
Image decoded. Size: (480, 640, 3)
Final detected face count: 1
Face 0: ID 3, Confidence (Dist)=61.90
Calculated Score: 79% (Required > 55%)
MATCH CONFIRMED: Huzaifa Hafeez
Attendance already marked for today
SUCCESS: Successfully recognized 1 students

--- RECOGNITION ATTEMPT: 2026-02-15 19:59:46.165154 ---
Image decoded. Size: (480, 640, 3)
Final detected face count: 1
Face 0: ID 3, Confidence (Dist)=65.30
Calculated Score: 78% (Required > 55%)
MATCH CONFIRMED: Huzaifa Hafeez
Attendance already marked for today
SUCCESS: Successfully recognized 1 students

--- RECOGNITION ATTEMPT: 2026-02-15 19:59:47.227268 ---
Image decoded. Size: (480, 640, 3)
Final detected face count: 1
Face 0: ID 3, Confidence (Dist)=65.44
Calculated Score: 78% (Required > 55%)
MATCH CONFIRMED: Huzaifa Hafeez
Attendance already marked for today
SUCCESS: Successfully recognized 1 students

--- RECOGNITION ATTEMPT: 2026-02-15 19:59:47.465045 ---
Image decoded. Size: (480, 640, 3)
Stage 1 (1.1, 5) found 0 faces. Trying Stage 2...
Final detected face count: 1
Face 0: ID 3, Confidence (Dist)=63.72
Calculated Score: 78% (Required > 55%)
MATCH CONFIRMED: Huzaifa Hafeez
Attendance already marked for today
SUCCESS: Successfully recognized 1 students

--- RECOGNITION ATTEMPT: 2026-02-15 19:59:47.491464 ---
Image decoded. Size: (480, 640, 3)
Stage 1 (1.1, 5) found 0 faces. Trying Stage 2...
Final detected face count: 1
Face 0: ID 3, Confidence (Dist)=63.63
Calculated Score: 78% (Required > 55%)
MATCH CONFIRMED: Huzaifa Hafeez
Attendance already marked for today
SUCCESS: Successfully recognized 1 students

--- RECOGNITION ATTEMPT: 2026-02-15 19:59:47.836347 ---
Image decoded. Size: (480, 640, 3)
Final detected face count: 1
Face 0: ID 3, Confidence (Dist)=65.12
Calculated Score: 78% (Required > 55%)
MATCH CONFIRMED: Huzaifa Hafeez
Attendance already marked for today
SUCCESS: Successfully recognized 1 students

--- RECOGNITION ATTEMPT: 2026-02-15 19:59:48.340715 ---
Image decoded. Size: (480, 640, 3)
Stage 1 (1.1, 5) found 0 faces. Trying Stage 2...
Final detected face count: 1
Face 0: ID 3, Confidence (Dist)=65.76
Calculated Score: 78% (Required > 55%)
MATCH CONFIRMED: Huzaifa Hafeez
Attendance already marked for today
SUCCESS: Successfully recognized 1 students

--- RECOGNITION ATTEMPT: 2026-02-15 19:59:48.533237 ---
Image decoded. Size: (480, 640, 3)
Final detected face count: 1
Face 0: ID 3, Confidence (Dist)=65.30
Calculated Score: 78% (Required > 55%)
MATCH CONFIRMED: Huzaifa Hafeez
Attendance already marked for today
SUCCESS: Successfully recognized 1 students

--- RECOGNITION ATTEMPT: 2026-02-15 19:59:48.698958 ---
Image decoded. Size: (480, 640, 3)
Stage 1 (1.1, 5) found 0 faces. Trying Stage 2...
Final detected face count: 1
Face 0: ID 3, Confidence (Dist)=63.85
Calculated Score: 78% (Required > 55%)
MATCH CONFIRMED: Huzaifa Hafeez
Attendance already marked for today
SUCCESS: Successfully recognized 1 students

--- RECOGNITION ATTEMPT: 2026-02-15 19:59:49.437879 ---
Image decoded. Size: (480, 640, 3)
Final detected face count: 1
Face 0: ID 3, Confidence (Dist)=66.17
Calculated Score: 77% (Required > 55%)
MATCH CONFIRMED: Huzaifa Hafeez
Attendance already marked for today
SUCCESS: Successfully recognized 1 students

--- RECOGNITION ATTEMPT: 2026-02-15 19:59:50.212807 ---
Image decoded. Size: (480, 640, 3)
Final detected face count: 1
Face 0: ID 3, Confidence (Dist)=67.72
Calculated Score: 77% (Required > 55%)
MATCH CONFIRMED: Huzaifa Hafeez
Attendance already marked for today
SUCCESS: Successfully recognized 1 students

--- RECOGNITION ATTEMPT: 2026-02-15 20:00:04.421057 ---
Image decoded. Size: (480, 640, 3)
Final detected face count: 2
Face 0: ID 3, Confidence (Dist)=140.03
Calculated Score: 53% (Required > 55%)
Face 1: ID 3, Confidence (Dist)=60.91
Calculated Score: 79% (Required > 55%)
MATCH CONFIRMED: Huzaifa Hafeez
Attendance already marked for today
SUCCESS: Successfully recognized 1 students

--- RECOGNITION ATTEMPT: 2026-02-15 20:00:05.865864 ---
Image decoded. Size: (480, 640, 3)
Final detected face count: 1
Face 0: ID 3, Confidence (Dist)=61.10
Calculated Score: 79% (Required > 55%)
MATCH CONFIRMED: Huzaifa Hafeez
Attendance already marked for today
SUCCESS: Successfully recognized 1 students

--- RECOGNITION ATTEMPT: 2026-02-15 20:00:15.618355 ---
Image decoded. Size: (480, 640, 3)
Final detected face count: 1
Face 0: ID 1, Confidence (Dist)=82.74
Calculated Score: 72% (Required > 55%)
MATCH CONFIRMED: Mohammed Talha Hafeez
Attendance recorded in DB
SUCCESS: Successfully recognized 1 students

--- RECOGNITION ATTEMPT: 2026-02-15 20:05:16.678791 ---
Image decoded. Size: (480, 640, 3)
Final detected face count: 1
Face 0: ID 1, Confidence (Dist)=73.46
Calculated Score: 75% (Required > 55%)
MATCH CONFIRMED: Mohammed Talha Hafeez
Attendance recorded in DB
SUCCESS: Successfully recognized 1 students

--- RECOGNITION ATTEMPT: 2026-02-15 20:05:23.004472 ---
Image decoded. Size: (480, 640, 3)
Stage 1 (1.1, 5) found 0 faces. Trying Stage 2...
Final detected face count: 1
Face 0: ID 1, Confidence (Dist)=72.92
Calculated Score: 75% (Required > 55%)
MATCH CONFIRMED: Mohammed Talha Hafeez
Attendance already marked for today
SUCCESS: Successfully recognized 1 students

--- RECOGNITION ATTEMPT: 2026-02-15 20:05:23.552377 ---
Image decoded. Size: (480, 640, 3)
Final detected face count: 1
Face 0: ID 1, Confidence (Dist)=68.40
Calculated Score: 77% (Required > 55%)
MATCH CONFIRMED: Mohammed Talha Hafeez
Attendance already marked for today
SUCCESS: Successfully recognized 1 students

--- RECOGNITION ATTEMPT: 2026-02-15 20:05:24.101873 ---
Image decoded. Size: (480, 640, 3)
Final detected face count: 1
Face 0: ID 1, Confidence (Dist)=70.54
Calculated Score: 76% (Required > 55%)
MATCH CONFIRMED: Mohammed Talha Hafeez
Attendance already marked for today
SUCCESS: Successfully recognized 1 students

--- RECOGNITION ATTEMPT: 2026-02-15 20:05:24.985293 ---
Image decoded. Size: (480, 640, 3)
Final detected face count: 1
Face 0: ID 1, Confidence (Dist)=72.93
Calculated Score: 75% (Required > 55%)
MATCH CONFIRMED: Mohammed Talha Hafeez
Attendance already marked for today
SUCCESS: Successfully recognized 1 students

--- RECOGNITION ATTEMPT: 2026-02-15 20:05:25.210159 ---
Image decoded. Size: (480, 640, 3)
Final detected face count: 1
Face 0: ID 1, Confidence (Dist)=69.22
Calculated Score: 76% (Required > 55%)
MATCH CONFIRMED: Mohammed Talha Hafeez
Attendance already marked for today
SUCCESS: Successfully recognized 1 students

--- RECOGNITION ATTEMPT: 2026-02-15 20:05:25.395490 ---
Image decoded. Size: (480, 640, 3)
Final detected face count: 1
Face 0: ID 1, Confidence (Dist)=65.19
Calculated Score: 78% (Required > 55%)
MATCH CONFIRMED: Mohammed Talha Hafeez
Attendance already marked for today
SUCCESS: Successfully recognized 1 students

--- RECOGNITION ATTEMPT: 2026-02-15 20:05:25.608792 ---
Image decoded. Size: (480, 640, 3)
Stage 1 (1.1, 5) found 0 faces. Trying Stage 2...
Final detected face count: 1
Face 0: ID 1, Confidence (Dist)=68.41
Calculated Score: 77% (Required > 55%)
MATCH CONFIRMED: Mohammed Talha Hafeez
Attendance already marked for today
SUCCESS: Successfully recognized 1 students

--- RECOGNITION ATTEMPT: 2026-02-15 20:05:53.360205 ---
Image decoded. Size: (480, 640, 3)
Stage 1 (1.1, 5) found 0 faces. Trying Stage 2...
Final detected face count: 1
Face 0: ID 1, Confidence (Dist)=71.34
Calculated Score: 76% (Required > 55%)
MATCH CONFIRMED: Mohammed Talha Hafeez
Attendance recorded in DB
SUCCESS: Successfully recognized 1 students

--- RECOGNITION ATTEMPT: 2026-02-15 20:05:55.158109 ---
Image decoded. Size: (480, 640, 3)
Stage 1 (1.1, 5) found 0 faces. Trying Stage 2...
Final detected face count: 1
Face 0: ID 1, Confidence (Dist)=67.05
Calculated Score: 77% (Required > 55%)
MATCH CONFIRMED: Mohammed Talha Hafeez
Attendance already marked for today
SUCCESS: Successfully recognized 1 students

--- RECOGNITION ATTEMPT: 2026-02-15 20:05:55.374164 ---
Image decoded. Size: (480, 640, 3)
Final detected face count: 1
Face 0: ID 1, Confidence (Dist)=64.24
Calculated Score: 78% (Required > 55%)
MATCH CONFIRMED: Mohammed Talha Hafeez
Attendance already marked for today
SUCCESS: Successfully recognized 1 students

--- RECOGNITION ATTEMPT: 2026-02-15 20:05:55.916502 ---
Image decoded. Size: (480, 640, 3)
Stage 1 (1.1, 5) found 0 faces. Trying Stage 2...
Final detected face count: 1
Face 0: ID 1, Confidence (Dist)=62.66
Calculated Score: 79% (Required > 55%)
MATCH CONFIRMED: Mohammed Talha Hafeez
Attendance already marked for today
SUCCESS: Successfully recognized 1 students

--- RECOGNITION ATTEMPT: 2026-02-15 20:05:56.447215 ---
Image decoded. Size: (480, 640, 3)
Stage 1 (1.1, 5) found 0 faces. Trying Stage 2...
Final detected face count: 1
Face 0: ID 1, Confidence (Dist)=69.57
Calculated Score: 76% (Required > 55%)
MATCH CONFIRMED: Mohammed Talha Hafeez
Attendance already marked for today
SUCCESS: Successfully recognized 1 students

--- RECOGNITION ATTEMPT: 2026-02-15 20:05:57.063148 ---
Image decoded. Size: (480, 640, 3)
Stage 1 (1.1, 5) found 0 faces. Trying Stage 2...
Stage 2 (1.05, 3) found 0 faces. Trying Stage 3 (extreme lenient)...
Final detected face count: 1
Face 0: ID 1, Confidence (Dist)=74.77
Calculated Score: 75% (Required > 55%)
MATCH CONFIRMED: Mohammed Talha Hafeez
Attendance already marked for today
SUCCESS: Successfully recognized 1 students

--- RECOGNITION ATTEMPT: 2026-02-15 20:05:57.273365 ---
Image decoded. Size: (480, 640, 3)
Stage 1 (1.1, 5) found 0 faces. Trying Stage 2...
Final detected face count: 1
Face 0: ID 1, Confidence (Dist)=68.66
Calculated Score: 77% (Required > 55%)
MATCH CONFIRMED: Mohammed Talha Hafeez
Attendance already marked for today
SUCCESS: Successfully recognized 1 students

--- RECOGNITION ATTEMPT: 2026-02-15 20:05:57.698883 ---
Image decoded. Size: (480, 640, 3)
Stage 1 (1.1, 5) found 0 faces. Trying Stage 2...
Stage 2 (1.05, 3) found 0 faces. Trying Stage 3 (extreme lenient)...
Final detected face count: 1
Face 0: ID 1, Confidence (Dist)=61.13
Calculated Score: 79% (Required > 55%)
MATCH CONFIRMED: Mohammed Talha Hafeez
Attendance already marked for today
SUCCESS: Successfully recognized 1 students

--- RECOGNITION ATTEMPT: 2026-02-15 20:05:57.953789 ---
Image decoded. Size: (480, 640, 3)
Stage 1 (1.1, 5) found 0 faces. Trying Stage 2...
Final detected face count: 1
Face 0: ID 1, Confidence (Dist)=67.75
Calculated Score: 77% (Required > 55%)
MATCH CONFIRMED: Mohammed Talha Hafeez
Attendance already marked for today
SUCCESS: Successfully recognized 1 students

--- RECOGNITION ATTEMPT: 2026-02-15 20:05:58.251932 ---
Image decoded. Size: (480, 640, 3)
Stage 1 (1.1, 5) found 0 faces. Trying Stage 2...
Stage 2 (1.05, 3) found 0 faces. Trying Stage 3 (extreme lenient)...
Final detected face count: 1
Face 0: ID 1, Confidence (Dist)=65.52
Calculated Score: 78% (Required > 55%)
MATCH CONFIRMED: Mohammed Talha Hafeez
Attendance already marked for today
SUCCESS: Successfully recognized 1 students

--- RECOGNITION ATTEMPT: 2026-02-15 20:05:58.461603 ---
Image decoded. Size: (480, 640, 3)
Stage 1 (1.1, 5) found 0 faces. Trying Stage 2...
Final detected face count: 1
Face 0: ID 1, Confidence (Dist)=71.82
Calculated Score: 76% (Required > 55%)
MATCH CONFIRMED: Mohammed Talha Hafeez
Attendance already marked for today
SUCCESS: Successfully recognized 1 students

--- RECOGNITION ATTEMPT: 2026-02-15 20:05:58.742292 ---
Image decoded. Size: (480, 640, 3)
Stage 1 (1.1, 5) found 0 faces. Trying Stage 2...
Final detected face count: 1
Face 0: ID 1, Confidence (Dist)=71.88
Calculated Score: 76% (Required > 55%)
MATCH CONFIRMED: Mohammed Talha Hafeez
Attendance already marked for today
SUCCESS: Successfully recognized 1 students

--- RECOGNITION ATTEMPT: 2026-02-15 20:05:58.960064 ---
Image decoded. Size: (480, 640, 3)
Stage 1 (1.1, 5) found 0 faces. Trying Stage 2...
Final detected face count: 1
Face 0: ID 1, Confidence (Dist)=63.89
Calculated Score: 78% (Required > 55%)
MATCH CONFIRMED: Mohammed Talha Hafeez
Attendance already marked for today
SUCCESS: Successfully recognized 1 students

--- RECOGNITION ATTEMPT: 2026-02-15 20:06:45.096237 ---
Image decoded. Size: (480, 640, 3)
Stage 1 (1.1, 5) found 0 faces. Trying Stage 2...
Stage 2 (1.05, 3) found 0 faces. Trying Stage 3 (extreme lenient)...
Final detected face count: 0
FAILURE: Still no faces detected after 3 stages

--- RECOGNITION ATTEMPT: 2026-02-15 20:06:46.301228 ---
Image decoded. Size: (480, 640, 3)
Stage 1 (1.1, 5) found 0 faces. Trying Stage 2...
Final detected face count: 1
Face 0: ID 1, Confidence (Dist)=66.98
Calculated Score: 77% (Required > 55%)
MATCH CONFIRMED: Mohammed Talha Hafeez
Attendance already marked for today
SUCCESS: Successfully recognized 1 students

--- RECOGNITION ATTEMPT: 2026-02-15 20:06:46.540036 ---
Image decoded. Size: (480, 640, 3)
Stage 1 (1.1, 5) found 0 faces. Trying Stage 2...
Stage 2 (1.05, 3) found 0 faces. Trying Stage 3 (extreme lenient)...
Final detected face count: 0
FAILURE: Still no faces detected after 3 stages

--- RECOGNITION ATTEMPT: 2026-02-15 20:06:46.966201 ---
Image decoded. Size: (480, 640, 3)
Stage 1 (1.1, 5) found 0 faces. Trying Stage 2...
Final detected face count: 1
Face 0: ID 1, Confidence (Dist)=66.23
Calculated Score: 77% (Required > 55%)
MATCH CONFIRMED: Mohammed Talha Hafeez
Attendance already marked for today
SUCCESS: Successfully recognized 1 students

--- RECOGNITION ATTEMPT: 2026-02-15 20:06:47.464130 ---
Image decoded. Size: (480, 640, 3)
Stage 1 (1.1, 5) found 0 faces. Trying Stage 2...
Final detected face count: 1
Face 0: ID 1, Confidence (Dist)=70.20
Calculated Score: 76% (Required > 55%)
MATCH CONFIRMED: Mohammed Talha Hafeez
Attendance already marked for today
SUCCESS: Successfully recognized 1 students

--- RECOGNITION ATTEMPT: 2026-02-15 20:06:47.680527 ---
Image decoded. Size: (480, 640, 3)
Stage 1 (1.1, 5) found 0 faces. Trying Stage 2...
Stage 2 (1.05, 3) found 0 faces. Trying Stage 3 (extreme lenient)...
Final detected face count: 2
Face 0: ID 3, Confidence (Dist)=70.54
Calculated Score: 76% (Required > 55%)
MATCH CONFIRMED: Huzaifa Hafeez
Attendance recorded in DB
Face 1: ID 1, Confidence (Dist)=65.66
Calculated Score: 78% (Required > 55%)
MATCH CONFIRMED: Mohammed Talha Hafeez
Attendance already marked for today
SUCCESS: Successfully recognized 2 students

--- RECOGNITION ATTEMPT: 2026-02-15 20:08:09.520889 ---
Image decoded. Size: (480, 640, 3)
Stage 1 (1.1, 5) found 0 faces. Trying Stage 2...
Final detected face count: 1
Face 0: ID 1, Confidence (Dist)=72.68
Calculated Score: 75% (Required > 55%)
MATCH CONFIRMED: Mohammed Talha Hafeez
Attendance already marked for today
SUCCESS: Successfully recognized 1 students

--- RECOGNITION ATTEMPT: 2026-02-15 20:08:13.586508 ---
Image decoded. Size: (480, 640, 3)
Final detected face count: 1
Face 0: ID 1, Confidence (Dist)=68.40
Calculated Score: 77% (Required > 55%)
MATCH CONFIRMED: Mohammed Talha Hafeez
Attendance already marked for today
SUCCESS: Successfully recognized 1 students

--- RECOGNITION ATTEMPT: 2026-02-15 20:08:29.884536 ---
Image decoded. Size: (480, 640, 3)
Final detected face count: 1
Face 0: ID 1, Confidence (Dist)=68.18
Calculated Score: 77% (Required > 55%)
MATCH CONFIRMED: Mohammed Talha Hafeez
Attendance recorded in DB
SUCCESS: Successfully recognized 1 students

--- RECOGNITION ATTEMPT: 2026-02-15 20:08:49.823621 ---
Image decoded. Size: (480, 640, 3)
Final detected face count: 1
Face 0: ID 1, Confidence (Dist)=77.49
Calculated Score: 74% (Required > 55%)
MATCH CONFIRMED: Mohammed Talha Hafeez
Attendance recorded in DB
SUCCESS: Successfully recognized 1 students

--- RECOGNITION ATTEMPT: 2026-02-15 20:08:53.849101 ---
Image decoded. Size: (480, 640, 3)
Stage 1 (1.1, 5) found 0 faces. Trying Stage 2...
Final detected face count: 1
Face 0: ID 1, Confidence (Dist)=71.24
Calculated Score: 76% (Required > 55%)
MATCH CONFIRMED: Mohammed Talha Hafeez
Attendance already marked for today
SUCCESS: Successfully recognized 1 students

--- RECOGNITION ATTEMPT: 2026-02-15 20:08:55.858199 ---
Image decoded. Size: (480, 640, 3)
Stage 1 (1.1, 5) found 0 faces. Trying Stage 2...
Final detected face count: 1
Face 0: ID 1, Confidence (Dist)=63.16
Calculated Score: 78% (Required > 55%)
MATCH CONFIRMED: Mohammed Talha Hafeez
Attendance already marked for today
SUCCESS: Successfully recognized 1 students

--- RECOGNITION ATTEMPT: 2026-02-15 20:08:56.380123 ---
Image decoded. Size: (480, 640, 3)
Stage 1 (1.1, 5) found 0 faces. Trying Stage 2...
Final detected face count: 1
Face 0: ID 1, Confidence (Dist)=68.69
Calculated Score: 77% (Required > 55%)
MATCH CONFIRMED: Mohammed Talha Hafeez
Attendance already marked for today
SUCCESS: Successfully recognized 1 students

--- RECOGNITION ATTEMPT: 2026-02-15 20:08:56.857252 ---
Image decoded. Size: (480, 640, 3)
Stage 1 (1.1, 5) found 0 faces. Trying Stage 2...
Final detected face count: 1
Face 0: ID 1, Confidence (Dist)=62.40
Calculated Score: 79% (Required > 55%)
MATCH CONFIRMED: Mohammed Talha Hafeez
Attendance already marked for today
SUCCESS: Successfully recognized 1 students

--- RECOGNITION ATTEMPT: 2026-02-15 20:08:57.084816 ---
Image decoded. Size: (480, 640, 3)
Stage 1 (1.1, 5) found 0 faces. Trying Stage 2...
Final detected face count: 1
Face 0: ID 1, Confidence (Dist)=68.79
Calculated Score: 77% (Required > 55%)
MATCH CONFIRMED: Mohammed Talha Hafeez
Attendance already marked for today
SUCCESS: Successfully recognized 1 students

--- RECOGNITION ATTEMPT: 2026-02-15 20:16:40.862843 ---
Image decoded. Size: (480, 640, 3)
Final detected face count: 1
Face 0: ID 3, Confidence (Dist)=142.89
Calculated Score: 52% (Required > 55%)
FAILURE: Face detected but confidence too low for all matches

--- RECOGNITION ATTEMPT: 2026-02-15 20:16:45.359761 ---
Image decoded. Size: (480, 640, 3)
Final detected face count: 1
Face 0: ID 3, Confidence (Dist)=139.57
Calculated Score: 53% (Required > 55%)
FAILURE: Face detected but confidence too low for all matches

--- RECOGNITION ATTEMPT: 2026-02-15 20:53:02.036708 ---
Image decoded. Size: (480, 640, 3)
Final detected face count: 2
Face 0: ID 3, Confidence (Dist)=118.21
Calculated Score: 60% (Required > 55%)
MATCH CONFIRMED: Huzaifa Hafeez
Attendance recorded in DB
Face 1: ID 3, Confidence (Dist)=75.08
Calculated Score: 74% (Required > 55%)
MATCH CONFIRMED: Huzaifa Hafeez
Attendance already marked for today
SUCCESS: Successfully recognized 2 students

--- RECOGNITION ATTEMPT: 2026-02-15 20:54:08.214734 ---
Image decoded. Size: (480, 640, 3)
Final detected face count: 2
Face 0: ID 3, Confidence (Dist)=138.33
Calculated Score: 53% (Required > 55%)
Face 1: ID 3, Confidence (Dist)=77.29
Calculated Score: 74% (Required > 55%)
MATCH CONFIRMED: Huzaifa Hafeez
Attendance recorded in DB
SUCCESS: Successfully recognized 1 students

--- RECOGNITION ATTEMPT: 2026-02-15 20:54:57.652786 ---
Image decoded. Size: (480, 640, 3)
Final detected face count: 2
Face 0: ID 3, Confidence (Dist)=130.28
Calculated Score: 56% (Required > 55%)
MATCH CONFIRMED: Huzaifa Hafeez
Attendance already marked for today
Face 1: ID 3, Confidence (Dist)=80.88
Calculated Score: 73% (Required > 55%)
MATCH CONFIRMED: Huzaifa Hafeez
Attendance already marked for today
SUCCESS: Successfully recognized 2 students

--- RECOGNITION ATTEMPT: 2026-02-15 20:55:28.482167 ---
Image decoded. Size: (480, 640, 3)
Final detected face count: 1
Face 0: ID 3, Confidence (Dist)=80.74
Calculated Score: 73% (Required > 55%)
MATCH CONFIRMED: Huzaifa Hafeez
Attendance already marked for today
SUCCESS: Successfully recognized 1 students

--- RECOGNITION ATTEMPT: 2026-02-15 20:55:33.458753 ---
Image decoded. Size: (480, 640, 3)
Final detected face count: 1
Face 0: ID 3, Confidence (Dist)=68.71
Calculated Score: 77% (Required > 55%)
MATCH CONFIRMED: Huzaifa Hafeez
Attendance already marked for today
SUCCESS: Successfully recognized 1 students

--- RECOGNITION ATTEMPT: 2026-02-15 20:55:35.418579 ---
Image decoded. Size: (480, 640, 3)
Final detected face count: 1
Face 0: ID 3, Confidence (Dist)=67.94
Calculated Score: 77% (Required > 55%)
MATCH CONFIRMED: Huzaifa Hafeez
Attendance already marked for today
SUCCESS: Successfully recognized 1 students

--- RECOGNITION ATTEMPT: 2026-02-15 20:55:37.392448 ---
Image decoded. Size: (480, 640, 3)
Final detected face count: 1
Face 0: ID 3, Confidence (Dist)=62.10
Calculated Score: 79% (Required > 55%)
MATCH CONFIRMED: Huzaifa Hafeez
Attendance already marked for today
SUCCESS: Successfully recognized 1 students

--- RECOGNITION ATTEMPT: 2026-02-15 20:55:38.916983 ---
Image decoded. Size: (480, 640, 3)
Final detected face count: 1
Face 0: ID 3, Confidence (Dist)=60.38
Calculated Score: 79% (Required > 55%)
MATCH CONFIRMED: Huzaifa Hafeez
Attendance already marked for today
SUCCESS: Successfully recognized 1 students

--- RECOGNITION ATTEMPT: 2026-02-15 20:56:18.000625 ---
Image decoded. Size: (480, 640, 3)
Final detected face count: 1
Face 0: ID 3, Confidence (Dist)=67.36
Calculated Score: 77% (Required > 55%)
MATCH CONFIRMED: Huzaifa Hafeez
Attendance recorded in DB
SUCCESS: Successfully recognized 1 students

--- RECOGNITION ATTEMPT: 2026-02-15 20:56:19.873963 ---
Image decoded. Size: (480, 640, 3)
Final detected face count: 1
Face 0: ID 3, Confidence (Dist)=67.95
Calculated Score: 77% (Required > 55%)
MATCH CONFIRMED: Huzaifa Hafeez
Attendance already marked for today
SUCCESS: Successfully recognized 1 students

--- RECOGNITION ATTEMPT: 2026-02-16 09:10:38.169657 ---
Image decoded. Size: (480, 640, 3)
Final detected face count: 1
Face 0: ID 3, Confidence (Dist)=87.90
Calculated Score: 70% (Required > 55%)
MATCH CONFIRMED: Huzaifa Hafeez
Attendance recorded in DB
SUCCESS: Successfully recognized 1 students

--- RECOGNITION ATTEMPT: 2026-02-16 09:11:07.099415 ---
Image decoded. Size: (480, 640, 3)
Final detected face count: 1
Face 0: ID 4, Confidence (Dist)=82.47
Calculated Score: 72% (Required > 55%)
MATCH CONFIRMED: Mohammed Talha Hafeez
Attendance recorded in DB
SUCCESS: Successfully recognized 1 students

--- RECOGNITION ATTEMPT: 2026-02-16 09:11:09.597764 ---
Image decoded. Size: (480, 640, 3)
Final detected face count: 1
Face 0: ID 4, Confidence (Dist)=76.40
Calculated Score: 74% (Required > 55%)
MATCH CONFIRMED: Mohammed Talha Hafeez
Attendance already marked for today
SUCCESS: Successfully recognized 1 students

--- RECOGNITION ATTEMPT: 2026-02-16 09:37:00.674607 ---
Image decoded. Size: (480, 640, 3)
Final detected face count: 1
Face 0: ID 3, Confidence (Dist)=80.31
Calculated Score: 73% (Required > 55%)
MATCH CONFIRMED: Huzaifa Hafeez
Attendance recorded in DB
SUCCESS: Successfully recognized 1 students

--- RECOGNITION ATTEMPT: 2026-02-16 09:37:12.056293 ---
Image decoded. Size: (480, 640, 3)
Final detected face count: 1
Face 0: ID 4, Confidence (Dist)=73.98
Calculated Score: 75% (Required > 55%)
MATCH CONFIRMED: Mohammed Talha Hafeez
Attendance already marked for today
SUCCESS: Successfully recognized 1 students

--- RECOGNITION ATTEMPT: 2026-02-16 09:37:26.300109 ---
Image decoded. Size: (480, 640, 3)
Final detected face count: 1
Face 0: ID 4, Confidence (Dist)=78.11
Calculated Score: 73% (Required > 55%)
MATCH CONFIRMED: Mohammed Talha Hafeez
Attendance already marked for today
SUCCESS: Successfully recognized 1 students

--- RECOGNITION ATTEMPT: 2026-02-16 09:39:10.916807 ---
Image decoded. Size: (480, 640, 3)
Final detected face count: 1
Face 0: ID 3, Confidence (Dist)=78.91
Calculated Score: 73% (Required > 55%)
MATCH CONFIRMED: Huzaifa Hafeez
Attendance recorded in DB
SUCCESS: Successfully recognized 1 students

--- RECOGNITION ATTEMPT: 2026-02-16 09:39:16.310660 ---
Image decoded. Size: (480, 640, 3)
Final detected face count: 1
Face 0: ID 3, Confidence (Dist)=73.37
Calculated Score: 75% (Required > 55%)
MATCH CONFIRMED: Huzaifa Hafeez
Attendance already marked for today
SUCCESS: Successfully recognized 1 students

--- RECOGNITION ATTEMPT: 2026-02-16 09:39:21.897866 ---
Image decoded. Size: (480, 640, 3)
Final detected face count: 1
Face 0: ID 4, Confidence (Dist)=73.12
Calculated Score: 75% (Required > 55%)
MATCH CONFIRMED: Mohammed Talha Hafeez
Attendance recorded in DB
SUCCESS: Successfully recognized 1 students

--- RECOGNITION ATTEMPT: 2026-02-16 09:39:59.127222 ---
Image decoded. Size: (480, 640, 3)
Final detected face count: 1
Face 0: ID 3, Confidence (Dist)=80.69
Calculated Score: 73% (Required > 55%)
MATCH CONFIRMED: Huzaifa Hafeez
Attendance recorded in DB
SUCCESS: Successfully recognized 1 students

--- RECOGNITION ATTEMPT: 2026-02-16 09:40:05.034700 ---
Image decoded. Size: (480, 640, 3)
Final detected face count: 1
Face 0: ID 3, Confidence (Dist)=69.33
Calculated Score: 76% (Required > 55%)
MATCH CONFIRMED: Huzaifa Hafeez
Attendance already marked for today
SUCCESS: Successfully recognized 1 students

--- RECOGNITION ATTEMPT: 2026-02-16 09:40:11.310395 ---
Image decoded. Size: (480, 640, 3)
Final detected face count: 1
Face 0: ID 3, Confidence (Dist)=73.04
Calculated Score: 75% (Required > 55%)
MATCH CONFIRMED: Huzaifa Hafeez
Attendance already marked for today
SUCCESS: Successfully recognized 1 students

--- RECOGNITION ATTEMPT: 2026-02-16 09:40:14.357050 ---
Image decoded. Size: (480, 640, 3)
Final detected face count: 1
Face 0: ID 3, Confidence (Dist)=66.27
Calculated Score: 77% (Required > 55%)
MATCH CONFIRMED: Huzaifa Hafeez
Attendance already marked for today
SUCCESS: Successfully recognized 1 students

--- RECOGNITION ATTEMPT: 2026-02-16 09:40:17.025269 ---
Image decoded. Size: (480, 640, 3)
Final detected face count: 1
Face 0: ID 3, Confidence (Dist)=89.51
Calculated Score: 70% (Required > 55%)
MATCH CONFIRMED: Huzaifa Hafeez
Attendance already marked for today
SUCCESS: Successfully recognized 1 students

--- RECOGNITION ATTEMPT: 2026-02-16 09:40:23.783154 ---
Image decoded. Size: (480, 640, 3)
Final detected face count: 1
Face 0: ID 4, Confidence (Dist)=66.68
Calculated Score: 77% (Required > 55%)
MATCH CONFIRMED: Mohammed Talha Hafeez
Attendance recorded in DB
SUCCESS: Successfully recognized 1 students

--- RECOGNITION ATTEMPT: 2026-02-16 09:40:29.594052 ---
Image decoded. Size: (480, 640, 3)
Final detected face count: 1
Face 0: ID 3, Confidence (Dist)=77.92
Calculated Score: 74% (Required > 55%)
MATCH CONFIRMED: Huzaifa Hafeez
Attendance already marked for today
SUCCESS: Successfully recognized 1 students

--- RECOGNITION ATTEMPT: 2026-02-16 09:40:32.771265 ---
Image decoded. Size: (480, 640, 3)
Final detected face count: 1
Face 0: ID 4, Confidence (Dist)=69.44
Calculated Score: 76% (Required > 55%)
MATCH CONFIRMED: Mohammed Talha Hafeez
Attendance already marked for today
SUCCESS: Successfully recognized 1 students

--- RECOGNITION ATTEMPT: 2026-02-16 09:42:03.474237 ---
Image decoded. Size: (480, 640, 3)
Final detected face count: 1
Face 0: ID 3, Confidence (Dist)=69.48
Calculated Score: 76% (Required > 55%)
MATCH CONFIRMED: Huzaifa Hafeez
Attendance recorded in DB
SUCCESS: Successfully recognized 1 students

--- RECOGNITION ATTEMPT: 2026-02-16 09:42:09.122527 ---
Image decoded. Size: (480, 640, 3)
Final detected face count: 1
Face 0: ID 3, Confidence (Dist)=72.04
Calculated Score: 75% (Required > 55%)
MATCH CONFIRMED: Huzaifa Hafeez
Attendance already marked for today
SUCCESS: Successfully recognized 1 students

--- RECOGNITION ATTEMPT: 2026-02-16 09:42:11.508611 ---
Image decoded. Size: (480, 640, 3)
Final detected face count: 2
Face 0: ID 3, Confidence (Dist)=67.97
Calculated Score: 77% (Required > 55%)
MATCH CONFIRMED: Huzaifa Hafeez
Attendance already marked for today
Face 1: ID 3, Confidence (Dist)=98.71
Calculated Score: 67% (Required > 55%)
MATCH CONFIRMED: Huzaifa Hafeez
Attendance already marked for today
SUCCESS: Successfully recognized 2 students

--- RECOGNITION ATTEMPT: 2026-02-16 09:42:17.575746 ---
Image decoded. Size: (480, 640, 3)
Final detected face count: 1
Face 0: ID 3, Confidence (Dist)=76.04
Calculated Score: 74% (Required > 55%)
MATCH CONFIRMED: Huzaifa Hafeez
Attendance already marked for today
SUCCESS: Successfully recognized 1 students

--- RECOGNITION ATTEMPT: 2026-02-16 09:42:25.325595 ---
Image decoded. Size: (480, 640, 3)
Final detected face count: 1
Face 0: ID 3, Confidence (Dist)=79.61
Calculated Score: 73% (Required > 55%)
MATCH CONFIRMED: Huzaifa Hafeez
Attendance already marked for today
SUCCESS: Successfully recognized 1 students

--- RECOGNITION ATTEMPT: 2026-02-16 09:42:28.341474 ---
Image decoded. Size: (480, 640, 3)
Final detected face count: 1
Face 0: ID 4, Confidence (Dist)=69.75
Calculated Score: 76% (Required > 55%)
MATCH CONFIRMED: Mohammed Talha Hafeez
Attendance recorded in DB
SUCCESS: Successfully recognized 1 students

--- RECOGNITION ATTEMPT: 2026-02-16 09:42:35.636871 ---
Image decoded. Size: (480, 640, 3)
Final detected face count: 1
Face 0: ID 4, Confidence (Dist)=71.30
Calculated Score: 76% (Required > 55%)
MATCH CONFIRMED: Mohammed Talha Hafeez
Attendance already marked for today
SUCCESS: Successfully recognized 1 students

--- RECOGNITION ATTEMPT: 2026-02-16 09:43:02.482640 ---
Image decoded. Size: (480, 640, 3)
Final detected face count: 1
Face 0: ID 4, Confidence (Dist)=71.08
Calculated Score: 76% (Required > 55%)
MATCH CONFIRMED: Mohammed Talha Hafeez
Attendance recorded in DB
SUCCESS: Successfully recognized 1 students

--- RECOGNITION ATTEMPT: 2026-02-16 09:43:07.903769 ---
Image decoded. Size: (480, 640, 3)
Final detected face count: 1
Face 0: ID 4, Confidence (Dist)=72.54
Calculated Score: 75% (Required > 55%)
MATCH CONFIRMED: Mohammed Talha Hafeez
Attendance already marked for today
SUCCESS: Successfully recognized 1 students

--- RECOGNITION ATTEMPT: 2026-03-12 17:04:58.513084 ---
Image decoded. Size: (480, 640, 3)
Final detected face count: 1
Face 0: ID 3, Confidence (Dist)=70.85
Calculated Score: 76% (Required > 55%)
MATCH CONFIRMED: Huzaifa Hafeez
Attendance recorded in DB
SUCCESS: Successfully recognized 1 students

--- RECOGNITION ATTEMPT: 2026-03-12 17:05:02.527441 ---
Image decoded. Size: (480, 640, 3)
Final detected face count: 1
Face 0: ID 4, Confidence (Dist)=68.52
Calculated Score: 77% (Required > 55%)
MATCH CONFIRMED: Mohammed Talha Hafeez
Attendance recorded in DB
SUCCESS: Successfully recognized 1 students

--- RECOGNITION ATTEMPT: 2026-03-12 17:05:05.594929 ---
Image decoded. Size: (480, 640, 3)
Final detected face count: 1
Face 0: ID 3, Confidence (Dist)=71.28
Calculated Score: 76% (Required > 55%)
MATCH CONFIRMED: Huzaifa Hafeez
Attendance already marked for today
SUCCESS: Successfully recognized 1 students

--- RECOGNITION ATTEMPT: 2026-03-12 17:05:08.147640 ---
Image decoded. Size: (480, 640, 3)
Final detected face count: 1
Face 0: ID 3, Confidence (Dist)=71.48
Calculated Score: 76% (Required > 55%)
MATCH CONFIRMED: Huzaifa Hafeez
Attendance already marked for today
SUCCESS: Successfully recognized 1 students

--- RECOGNITION ATTEMPT: 2026-03-12 17:05:10.062613 ---
Image decoded. Size: (480, 640, 3)
Final detected face count: 1
Face 0: ID 3, Confidence (Dist)=71.10
Calculated Score: 76% (Required > 55%)
MATCH CONFIRMED: Huzaifa Hafeez
Attendance already marked for today
SUCCESS: Successfully recognized 1 students

--- RECOGNITION ATTEMPT: 2026-03-12 17:05:11.980786 ---
Image decoded. Size: (480, 640, 3)
Final detected face count: 1
Face 0: ID 4, Confidence (Dist)=73.10
Calculated Score: 75% (Required > 55%)
MATCH CONFIRMED: Mohammed Talha Hafeez
Attendance already marked for today
SUCCESS: Successfully recognized 1 students

--- RECOGNITION ATTEMPT: 2026-03-12 17:11:36.474151 ---
Image decoded. Size: (480, 640, 3)
Final detected face count: 1
Face 0: ID 3, Confidence (Dist)=86.68
Calculated Score: 71% (Required > 55%)
MATCH CONFIRMED: Huzaifa Hafeez
Attendance recorded in DB
SUCCESS: Successfully recognized 1 students

--- RECOGNITION ATTEMPT: 2026-03-12 17:11:44.644911 ---
Image decoded. Size: (480, 640, 3)
Final detected face count: 1
Face 0: ID 4, Confidence (Dist)=81.12
Calculated Score: 72% (Required > 55%)
MATCH CONFIRMED: Mohammed Talha Hafeez
Attendance already marked for today
SUCCESS: Successfully recognized 1 students

--- RECOGNITION ATTEMPT: 2026-03-12 17:15:17.281913 ---
Image decoded. Size: (480, 640, 3)
Final detected face count: 1
Face 0: ID 4, Confidence (Dist)=79.20
Calculated Score: 73% (Required > 55%)
MATCH CONFIRMED: Mohammed Talha Hafeez
Attendance already marked for today
SUCCESS: Successfully recognized 1 students

--- RECOGNITION ATTEMPT: 2026-03-12 17:15:19.632792 ---
Image decoded. Size: (480, 640, 3)
Final detected face count: 1
Face 0: ID 4, Confidence (Dist)=72.05
Calculated Score: 75% (Required > 55%)
MATCH CONFIRMED: Mohammed Talha Hafeez
Attendance already marked for today
SUCCESS: Successfully recognized 1 students

--- RECOGNITION ATTEMPT: 2026-03-12 17:15:21.695674 ---
Image decoded. Size: (480, 640, 3)
Stage 1 (1.1, 5) found 0 faces. Trying Stage 2...
Stage 2 (1.05, 3) found 0 faces. Trying Stage 3 (extreme lenient)...
Final detected face count: 0
FAILURE: Still no faces detected after 3 stages

--- RECOGNITION ATTEMPT: 2026-03-12 17:15:24.202595 ---
Image decoded. Size: (480, 640, 3)
Stage 1 (1.1, 5) found 0 faces. Trying Stage 2...
Final detected face count: 1
Face 0: ID 3, Confidence (Dist)=79.74
Calculated Score: 73% (Required > 55%)
MATCH CONFIRMED: Huzaifa Hafeez
Attendance already marked for today
SUCCESS: Successfully recognized 1 students

--- RECOGNITION ATTEMPT: 2026-03-12 17:15:27.786154 ---
Image decoded. Size: (480, 640, 3)
Final detected face count: 1
Face 0: ID 4, Confidence (Dist)=81.58
Calculated Score: 72% (Required > 55%)
MATCH CONFIRMED: Mohammed Talha Hafeez
Attendance already marked for today
SUCCESS: Successfully recognized 1 students

--- RECOGNITION ATTEMPT: 2026-03-12 17:15:29.797905 ---
Image decoded. Size: (480, 640, 3)
Final detected face count: 1
Face 0: ID 3, Confidence (Dist)=86.53
Calculated Score: 71% (Required > 55%)
MATCH CONFIRMED: Huzaifa Hafeez
Attendance already marked for today
SUCCESS: Successfully recognized 1 students

--- RECOGNITION ATTEMPT: 2026-03-12 17:15:31.881309 ---
Image decoded. Size: (480, 640, 3)
Final detected face count: 1
Face 0: ID 4, Confidence (Dist)=80.36
Calculated Score: 73% (Required > 55%)
MATCH CONFIRMED: Mohammed Talha Hafeez
Attendance already marked for today
SUCCESS: Successfully recognized 1 students

--- RECOGNITION ATTEMPT: 2026-03-12 17:15:33.777305 ---
Image decoded. Size: (480, 640, 3)
Final detected face count: 1
Face 0: ID 4, Confidence (Dist)=77.04
Calculated Score: 74% (Required > 55%)
MATCH CONFIRMED: Mohammed Talha Hafeez
Attendance already marked for today
SUCCESS: Successfully recognized 1 students

--- RECOGNITION ATTEMPT: 2026-03-12 19:07:16.758174 ---
Image decoded. Size: (480, 640, 3)
Final detected face count: 1
Face 0: ID 4, Confidence (Dist)=69.84
Calculated Score: 76% (Required > 55%)
MATCH CONFIRMED: Mohammed Talha Hafeez
Attendance already marked for today
SUCCESS: Successfully recognized 1 students

--- RECOGNITION ATTEMPT: 2026-03-12 19:07:18.890355 ---
Image decoded. Size: (480, 640, 3)
Final detected face count: 1
Face 0: ID 4, Confidence (Dist)=68.82
Calculated Score: 77% (Required > 55%)
MATCH CONFIRMED: Mohammed Talha Hafeez
Attendance already marked for today
SUCCESS: Successfully recognized 1 students

--- RECOGNITION ATTEMPT: 2026-03-12 19:07:20.657625 ---
Image decoded. Size: (480, 640, 3)
Final detected face count: 1
Face 0: ID 4, Confidence (Dist)=66.50
Calculated Score: 77% (Required > 55%)
MATCH CONFIRMED: Mohammed Talha Hafeez
Attendance already marked for today
SUCCESS: Successfully recognized 1 students

--- RECOGNITION ATTEMPT: 2026-03-12 19:07:22.070860 ---
Image decoded. Size: (480, 640, 3)
Final detected face count: 1
Face 0: ID 3, Confidence (Dist)=81.19
Calculated Score: 72% (Required > 55%)
MATCH CONFIRMED: Huzaifa Hafeez
Attendance recorded in DB
SUCCESS: Successfully recognized 1 students

--- RECOGNITION ATTEMPT: 2026-03-12 19:07:24.551824 ---
Image decoded. Size: (480, 640, 3)
Final detected face count: 1
Face 0: ID 3, Confidence (Dist)=83.80
Calculated Score: 72% (Required > 55%)
MATCH CONFIRMED: Huzaifa Hafeez
Attendance already marked for today
SUCCESS: Successfully recognized 1 students

--- RECOGNITION ATTEMPT: 2026-03-12 19:07:26.903258 ---
Image decoded. Size: (480, 640, 3)
Final detected face count: 1
Face 0: ID 4, Confidence (Dist)=69.33
Calculated Score: 76% (Required > 55%)
MATCH CONFIRMED: Mohammed Talha Hafeez
Attendance already marked for today
SUCCESS: Successfully recognized 1 students

--- RECOGNITION ATTEMPT: 2026-03-12 19:12:32.358581 ---
Image decoded. Size: (480, 640, 3)
Final detected face count: 1
Face 0: ID 4, Confidence (Dist)=59.93
Calculated Score: 80% (Required > 55%)
MATCH CONFIRMED: Mohammed Talha Hafeez
Attendance already marked for today
SUCCESS: Successfully recognized 1 students

--- RECOGNITION ATTEMPT: 2026-03-12 19:21:25.298107 ---
Image decoded. Size: (480, 640, 3)
Final detected face count: 1
Face 0: ID 4, Confidence (Dist)=59.77
Calculated Score: 80% (Required > 55%)
MATCH CONFIRMED: Mohammed Talha Hafeez
Attendance already marked for today
SUCCESS: Successfully recognized 1 students

--- RECOGNITION ATTEMPT: 2026-03-12 19:21:28.547907 ---
Image decoded. Size: (480, 640, 3)
Final detected face count: 1
Face 0: ID 4, Confidence (Dist)=82.06
Calculated Score: 72% (Required > 55%)
MATCH CONFIRMED: Mohammed Talha Hafeez
Attendance already marked for today
SUCCESS: Successfully recognized 1 students

--- RECOGNITION ATTEMPT: 2026-03-12 19:21:30.477752 ---
Image decoded. Size: (480, 640, 3)
Final detected face count: 1
Face 0: ID 4, Confidence (Dist)=77.01
Calculated Score: 74% (Required > 55%)
MATCH CONFIRMED: Mohammed Talha Hafeez
Attendance already marked for today
SUCCESS: Successfully recognized 1 students

--- RECOGNITION ATTEMPT: 2026-03-12 19:21:32.417003 ---
Image decoded. Size: (480, 640, 3)
Stage 1 (1.1, 5) found 0 faces. Trying Stage 2...
Final detected face count: 1
Face 0: ID 4, Confidence (Dist)=95.09
Calculated Score: 68% (Required > 55%)
MATCH CONFIRMED: Mohammed Talha Hafeez
Attendance already marked for today
SUCCESS: Successfully recognized 1 students

--- RECOGNITION ATTEMPT: 2026-03-12 19:21:34.125827 ---
Image decoded. Size: (480, 640, 3)
Stage 1 (1.1, 5) found 0 faces. Trying Stage 2...
Final detected face count: 1
Face 0: ID 4, Confidence (Dist)=82.93
Calculated Score: 72% (Required > 55%)
MATCH CONFIRMED: Mohammed Talha Hafeez
Attendance already marked for today
SUCCESS: Successfully recognized 1 students

--- RECOGNITION ATTEMPT: 2026-03-12 19:22:33.450156 ---
Image decoded. Size: (480, 640, 3)
Final detected face count: 2
Face 0: ID 4, Confidence (Dist)=64.77
Calculated Score: 78% (Required > 55%)
MATCH CONFIRMED: Mohammed Talha Hafeez
Attendance recorded in DB
Face 1: ID 4, Confidence (Dist)=117.37
Calculated Score: 60% (Required > 55%)
MATCH CONFIRMED: Mohammed Talha Hafeez
Attendance already marked for today
SUCCESS: Successfully recognized 2 students

--- RECOGNITION ATTEMPT: 2026-03-12 19:25:44.543276 ---
Image decoded. Size: (480, 640, 3)
Final detected face count: 2
Face 0: ID 3, Confidence (Dist)=122.36
Calculated Score: 59% (Required > 55%)
MATCH CONFIRMED: Huzaifa Hafeez
Attendance recorded in DB
Face 1: ID 4, Confidence (Dist)=60.97
Calculated Score: 79% (Required > 55%)
MATCH CONFIRMED: Mohammed Talha Hafeez
Attendance recorded in DB
SUCCESS: Successfully recognized 2 students

--- RECOGNITION ATTEMPT: 2026-03-12 19:25:48.248252 ---
Image decoded. Size: (480, 640, 3)
Final detected face count: 2
Face 0: ID 4, Confidence (Dist)=60.62
Calculated Score: 79% (Required > 55%)
MATCH CONFIRMED: Mohammed Talha Hafeez
Attendance already marked for today
Face 1: ID 3, Confidence (Dist)=119.82
Calculated Score: 60% (Required > 55%)
MATCH CONFIRMED: Huzaifa Hafeez
Attendance already marked for today
SUCCESS: Successfully recognized 2 students

--- RECOGNITION ATTEMPT: 2026-03-12 19:28:14.641288 ---
Image decoded. Size: (480, 640, 3)
Final detected face count: 1
Face 0: ID 4, Confidence (Dist)=59.52
Calculated Score: 80% (Required > 55%)
MATCH CONFIRMED: Mohammed Talha Hafeez
Attendance recorded in DB
SUCCESS: Successfully recognized 1 students
